Build started 19/11/2014 1:57:29 PM.
     1>Project "D:\Users\tom\Documents\Visual Studio 2013\Projects\Revelatorframework\RevelatorFramework_API\RevelatorFramework_API.vcxproj" on node 2 (Build target(s)).
     1>ClCompile:
         D:\Microsoft Visual Studio 12.0\VC\bin\CL.exe /c /I"C:\SFML-2.1\include" /I"C:\Program Files (x86)\Visual Leak Detector\include" /Zi /nologo /W3 /WX- /sdl /O2 /Oi /Oy- /GL /D WIN32 /D NDEBUG /D _WINDOWS /D _USRDLL /D REVELATORFRAMEWORK_API_EXPORTS /D _WINDLL /D _UNICODE /D UNICODE /Gm- /EHsc /MD /GS /Gy /fp:precise /Zc:wchar_t /Zc:forScope /Fo"Release\\" /Fd"Release\vc120.pdb" /Gd /TP /analyze- /errorReport:prompt ScreenManager.cpp
         ScreenManager.cpp
       Link:
         D:\Microsoft Visual Studio 12.0\VC\bin\link.exe /ERRORREPORT:PROMPT /OUT:"D:\Users\tom\Documents\Visual Studio 2013\Projects\Revelatorframework\Release\RevelatorFramework_API.dll" /INCREMENTAL:NO /NOLOGO /LIBPATH:"C:\SFML-2.1\lib" /LIBPATH:"C:\Program Files (x86)\Visual Leak Detector\lib\Win32" "sfml-graphics.lib" "sfml-window.lib" "sfml-audio.lib" "sfml-system.lib" kernel32.lib user32.lib gdi32.lib winspool.lib comdlg32.lib advapi32.lib shell32.lib ole32.lib oleaut32.lib uuid.lib odbc32.lib odbccp32.lib /MANIFEST /MANIFESTUAC:"level='asInvoker' uiAccess='false'" /manifest:embed /DEBUG /PDB:"D:\Users\tom\Documents\Visual Studio 2013\Projects\Revelatorframework\Release\RevelatorFramework_API.pdb" /SUBSYSTEM:WINDOWS /OPT:REF /OPT:ICF /LTCG /TLBID:1 /DYNAMICBASE /NXCOMPAT /IMPLIB:"D:\Users\tom\Documents\Visual Studio 2013\Projects\Revelatorframework\Release\RevelatorFramework_API.lib" /MACHINE:X86 /SAFESEH /DLL Release\RevelatorFramework_API.res
         Release\AudioManager.obj
         Release\Chunk.obj
         Release\ChunkManager.obj
         Release\Collidable.obj
         Release\dllmain.obj
         Release\Drawable.obj
         Release\EntryObject.obj
         Release\GameComponent.obj
         Release\GameFactory.obj
         Release\GameObjectProducer.obj
         Release\GameScreen.obj
         Release\GameScreenProducer.obj
         Release\Keyboard.obj
         Release\Layer.obj
         Release\LayerProducer.obj
         Release\Mouse.obj
         Release\ProducerPackage.obj
         Release\ScreenManager.obj
         Release\Sensor.obj
         Release\SFX.obj
         Release\Spawner.obj
         Release\stdafx.obj
         Release\TextureManager.obj
         Release\UpdateData.obj
         Release\Utils.obj
         Release\WindowManager.obj
            Creating library D:\Users\tom\Documents\Visual Studio 2013\Projects\Revelatorframework\Release\RevelatorFramework_API.lib and object D:\Users\tom\Documents\Visual Studio 2013\Projects\Revelatorframework\Release\RevelatorFramework_API.exp
         Generating code
         Finished generating code
         RevelatorFramework_API.vcxproj -> D:\Users\tom\Documents\Visual Studio 2013\Projects\Revelatorframework\Release\RevelatorFramework_API.dll
     1>Done Building Project "D:\Users\tom\Documents\Visual Studio 2013\Projects\Revelatorframework\RevelatorFramework_API\RevelatorFramework_API.vcxproj" (Build target(s)).

Build succeeded.

Time Elapsed 00:00:06.51
