d:\users\tom\documents\visual studio 2013\projects\revelatorframework\revelatorframework_api\release\vc120.pdb
d:\users\tom\documents\visual studio 2013\projects\revelatorframework\revelatorframework_api\release\sfx.obj
d:\users\tom\documents\visual studio 2013\projects\revelatorframework\revelatorframework_api\release\layerproducer.obj
d:\users\tom\documents\visual studio 2013\projects\revelatorframework\revelatorframework_api\release\gamescreenproducer.obj
d:\users\tom\documents\visual studio 2013\projects\revelatorframework\revelatorframework_api\release\gameobjectproducer.obj
d:\users\tom\documents\visual studio 2013\projects\revelatorframework\revelatorframework_api\release\entryobject.obj
d:\users\tom\documents\visual studio 2013\projects\revelatorframework\revelatorframework_api\release\audiomanager.obj
d:\users\tom\documents\visual studio 2013\projects\revelatorframework\revelatorframework_api\release\spawner.obj
d:\users\tom\documents\visual studio 2013\projects\revelatorframework\revelatorframework_api\release\screenmanager.obj
d:\users\tom\documents\visual studio 2013\projects\revelatorframework\revelatorframework_api\release\layer.obj
d:\users\tom\documents\visual studio 2013\projects\revelatorframework\revelatorframework_api\release\gamescreen.obj
d:\users\tom\documents\visual studio 2013\projects\revelatorframework\revelatorframework_api\release\gamefactory.obj
d:\users\tom\documents\visual studio 2013\projects\revelatorframework\revelatorframework_api\release\gamecomponent.obj
d:\users\tom\documents\visual studio 2013\projects\revelatorframework\revelatorframework_api\release\chunkmanager.obj
d:\users\tom\documents\visual studio 2013\projects\revelatorframework\revelatorframework_api\release\revelatorframework_api.pch
d:\users\tom\documents\visual studio 2013\projects\revelatorframework\revelatorframework_api\release\stdafx.obj
d:\users\tom\documents\visual studio 2013\projects\revelatorframework\revelatorframework_api\release\sensor.obj
d:\users\tom\documents\visual studio 2013\projects\revelatorframework\revelatorframework_api\release\producerpackage.obj
d:\users\tom\documents\visual studio 2013\projects\revelatorframework\revelatorframework_api\release\mouse.obj
d:\users\tom\documents\visual studio 2013\projects\revelatorframework\revelatorframework_api\release\keyboard.obj
d:\users\tom\documents\visual studio 2013\projects\revelatorframework\revelatorframework_api\release\drawable.obj
d:\users\tom\documents\visual studio 2013\projects\revelatorframework\revelatorframework_api\release\collidable.obj
d:\users\tom\documents\visual studio 2013\projects\revelatorframework\revelatorframework_api\release\chunk.obj
d:\users\tom\documents\visual studio 2013\projects\revelatorframework\revelatorframework_api\release\windowmanager.obj
d:\users\tom\documents\visual studio 2013\projects\revelatorframework\revelatorframework_api\release\utils.obj
d:\users\tom\documents\visual studio 2013\projects\revelatorframework\revelatorframework_api\release\updatedata.obj
d:\users\tom\documents\visual studio 2013\projects\revelatorframework\revelatorframework_api\release\texturemanager.obj
d:\users\tom\documents\visual studio 2013\projects\revelatorframework\revelatorframework_api\release\dllmain.obj
d:\users\tom\documents\visual studio 2013\projects\revelatorframework\release\revelatorframework_api.dll
d:\users\tom\documents\visual studio 2013\projects\revelatorframework\release\revelatorframework_api.pdb
d:\users\tom\documents\visual studio 2013\projects\revelatorframework\revelatorframework_api\release\revelatorframework_api.res
d:\users\tom\documents\visual studio 2013\projects\revelatorframework\release\revelatorframework_api.lib
d:\users\tom\documents\visual studio 2013\projects\revelatorframework\release\revelatorframework_api.exp
d:\users\tom\documents\visual studio 2013\projects\revelatorframework\revelatorframework_api\release\revelato.9d07c519.tlog\cl.command.1.tlog
d:\users\tom\documents\visual studio 2013\projects\revelatorframework\revelatorframework_api\release\revelato.9d07c519.tlog\cl.read.1.tlog
d:\users\tom\documents\visual studio 2013\projects\revelatorframework\revelatorframework_api\release\revelato.9d07c519.tlog\cl.write.1.tlog
d:\users\tom\documents\visual studio 2013\projects\revelatorframework\revelatorframework_api\release\revelato.9d07c519.tlog\link.command.1.tlog
d:\users\tom\documents\visual studio 2013\projects\revelatorframework\revelatorframework_api\release\revelato.9d07c519.tlog\link.read.1.tlog
d:\users\tom\documents\visual studio 2013\projects\revelatorframework\revelatorframework_api\release\revelato.9d07c519.tlog\link.write.1.tlog
d:\users\tom\documents\visual studio 2013\projects\revelatorframework\revelatorframework_api\release\revelato.9d07c519.tlog\rc.command.1.tlog
d:\users\tom\documents\visual studio 2013\projects\revelatorframework\revelatorframework_api\release\revelato.9d07c519.tlog\rc.read.1.tlog
d:\users\tom\documents\visual studio 2013\projects\revelatorframework\revelatorframework_api\release\revelato.9d07c519.tlog\rc.write.1.tlog
d:\users\tom\documents\visual studio 2013\projects\revelatorframework\revelatorframework_api\release\revelato.9d07c519.tlog\revelatorframework_api.write.1u.tlog
