d:\users\tom\documents\visual studio 2013\projects\revelatorframework\revelatorframework\debug\vc120.pdb
d:\users\tom\documents\visual studio 2013\projects\revelatorframework\revelatorframework\debug\vc120.idb
d:\users\tom\documents\visual studio 2013\projects\revelatorframework\revelatorframework\debug\examplecomponent.obj
d:\users\tom\documents\visual studio 2013\projects\revelatorframework\revelatorframework\debug\examplecomponentproducer.obj
d:\users\tom\documents\visual studio 2013\projects\revelatorframework\revelatorframework\debug\examplelayer.obj
d:\users\tom\documents\visual studio 2013\projects\revelatorframework\revelatorframework\debug\examplelayerproducer.obj
d:\users\tom\documents\visual studio 2013\projects\revelatorframework\revelatorframework\debug\examplescreenproducer.obj
d:\users\tom\documents\visual studio 2013\projects\revelatorframework\revelatorframework\debug\exampletestscreen.obj
d:\users\tom\documents\visual studio 2013\projects\revelatorframework\revelatorframework\debug\main.obj
d:\users\tom\documents\visual studio 2013\projects\revelatorframework\revelatorframework\debug\movablecomponent.obj
d:\users\tom\documents\visual studio 2013\projects\revelatorframework\revelatorframework\debug\movablecomponentproducer.obj
d:\users\tom\documents\visual studio 2013\projects\revelatorframework\debug\revelatorframework.pdb
d:\users\tom\documents\visual studio 2013\projects\revelatorframework\revelatorframework\debug\revelato.ec13fa65.tlog\cl.command.1.tlog
d:\users\tom\documents\visual studio 2013\projects\revelatorframework\revelatorframework\debug\revelato.ec13fa65.tlog\cl.read.1.tlog
d:\users\tom\documents\visual studio 2013\projects\revelatorframework\revelatorframework\debug\revelato.ec13fa65.tlog\cl.write.1.tlog
d:\users\tom\documents\visual studio 2013\projects\revelatorframework\revelatorframework\debug\revelato.ec13fa65.tlog\link-cvtres.read.1.tlog
d:\users\tom\documents\visual studio 2013\projects\revelatorframework\revelatorframework\debug\revelato.ec13fa65.tlog\link-cvtres.write.1.tlog
d:\users\tom\documents\visual studio 2013\projects\revelatorframework\revelatorframework\debug\revelato.ec13fa65.tlog\link-rc.read.1.tlog
d:\users\tom\documents\visual studio 2013\projects\revelatorframework\revelatorframework\debug\revelato.ec13fa65.tlog\link-rc.write.1.tlog
d:\users\tom\documents\visual studio 2013\projects\revelatorframework\revelatorframework\debug\revelato.ec13fa65.tlog\link.command.1.tlog
d:\users\tom\documents\visual studio 2013\projects\revelatorframework\revelatorframework\debug\revelato.ec13fa65.tlog\link.read.1.tlog
d:\users\tom\documents\visual studio 2013\projects\revelatorframework\revelatorframework\debug\revelato.ec13fa65.tlog\link.write.1.tlog
