Build started 1/11/2014 4:55:13 PM.
     1>Project "D:\Users\tom\Documents\Visual Studio 2013\Projects\Revelatorframework\Revelatorfromework\Revelatorfromework.vcxproj" on node 2 (Build target(s)).
     1>C:\Program Files (x86)\MSBuild\Microsoft.Cpp\v4.0\V120\Microsoft.CppBuild.targets(381,5): warning MSB8028: The intermediate directory (Debug\) contains files shared from another project (Revelatorfromework.vcxproj).  This can lead to incorrect clean and rebuild behavior.
     1>ClCompile:
         D:\Microsoft Visual Studio 12.0\VC\bin\CL.exe /c /I"C:\SFML-2.1\include" /ZI /nologo /W3 /WX /sdl /Od /Oy- /D WIN32 /D _DEBUG /D _CONSOLE /D _LIB /D _UNICODE /D UNICODE /Gm /EHsc /RTC1 /MDd /GS /fp:precise /Zc:wchar_t /Zc:forScope /Fo"Debug\\" /Fd"Debug\vc120.pdb" /Gd /TP /analyze- /errorReport:prompt Collidable.cpp Drawable.cpp GameFactory.cpp Sensor.cpp
         GameFactory.cpp
         Generating Code...
         Skipping... (no relevant changes detected)
         Sensor.cpp
         Drawable.cpp
         Collidable.cpp
       Link:
         D:\Microsoft Visual Studio 12.0\VC\bin\link.exe /ERRORREPORT:PROMPT /OUT:"D:\Users\tom\Documents\Visual Studio 2013\Projects\Revelatorframework\Debug\Revelatorframework.exe" /INCREMENTAL /NOLOGO /LIBPATH:"C:\SFML-2.1\lib" "sfml-graphics-d.lib" "sfml-window-d.lib" "sfml-audio-d.lib" "sfml-system-d.lib" kernel32.lib user32.lib gdi32.lib winspool.lib comdlg32.lib advapi32.lib shell32.lib ole32.lib oleaut32.lib uuid.lib odbc32.lib odbccp32.lib /MANIFEST /MANIFESTUAC:"level='asInvoker' uiAccess='false'" /manifest:embed /DEBUG /PDB:"D:\Users\tom\Documents\Visual Studio 2013\Projects\Revelatorframework\Debug\Revelatorframework.pdb" /SUBSYSTEM:CONSOLE /TLBID:1 /DYNAMICBASE /NXCOMPAT /IMPLIB:"D:\Users\tom\Documents\Visual Studio 2013\Projects\Revelatorframework\Debug\Revelatorframework.lib" /MACHINE:X86 Debug\UpdateData.obj
         Debug\Chunk.obj
         Debug\ChunkManager.obj
         Debug\Collidable.obj
         Debug\Drawable.obj
         Debug\ExampleComponent.obj
         Debug\GameComponent.obj
         Debug\GameFactory.obj
         Debug\GameScreen.obj
         Debug\Layer.obj
         Debug\main.obj
         Debug\MovableComponent.obj
         Debug\Rectangle.obj
         Debug\ScreenManager.obj
         Debug\ScreenTransaction.obj
         Debug\Sensor.obj
         Debug\Spawner.obj
         Debug\Utils.obj
         Debug\WindowManager.obj
         Revelatorfromework.vcxproj -> D:\Users\tom\Documents\Visual Studio 2013\Projects\Revelatorframework\Debug\Revelatorframework.exe
     1>Done Building Project "D:\Users\tom\Documents\Visual Studio 2013\Projects\Revelatorframework\Revelatorfromework\Revelatorfromework.vcxproj" (Build target(s)).

Build succeeded.

Time Elapsed 00:00:00.87
