Build started 19/11/2014 1:57:36 PM.
     1>Project "D:\Users\tom\Documents\Visual Studio 2013\Projects\Revelatorframework\Revelatorframework\Revelatorframework.vcxproj" on node 2 (Build target(s)).
     1>Link:
         D:\Microsoft Visual Studio 12.0\VC\bin\link.exe /ERRORREPORT:PROMPT /OUT:"D:\Users\tom\Documents\Visual Studio 2013\Projects\Revelatorframework\Release\Revelatorframework.exe" /INCREMENTAL:NO /NOLOGO /LIBPATH:"C:\SFML-2.1\lib" /LIBPATH:"C:\Program Files (x86)\Visual Leak Detector\lib\Win32" "sfml-graphics.lib" "sfml-window.lib" "sfml-audio.lib" "sfml-system.lib" kernel32.lib user32.lib gdi32.lib winspool.lib comdlg32.lib advapi32.lib shell32.lib ole32.lib oleaut32.lib uuid.lib odbc32.lib odbccp32.lib /MANIFEST /MANIFESTUAC:"level='asInvoker' uiAccess='false'" /manifest:embed /DEBUG /PDB:"D:\Users\tom\Documents\Visual Studio 2013\Projects\Revelatorframework\Release\Revelatorframework.pdb" /SUBSYSTEM:CONSOLE /OPT:REF /OPT:ICF /LTCG /TLBID:1 /DYNAMICBASE /NXCOMPAT /IMPLIB:"D:\Users\tom\Documents\Visual Studio 2013\Projects\Revelatorframework\Release\Revelatorframework.lib" /MACHINE:X86 /SAFESEH Release\ExampleComponent.obj
         Release\ExampleComponentProducer.obj
         Release\ExampleLayer.obj
         Release\ExampleLayerProducer.obj
         Release\ExampleScreenProducer.obj
         Release\ExampleTestScreen.obj
         Release\main.obj
         Release\MovableComponent.obj
         Release\MovableComponentProducer.obj
         "D:\Users\tom\Documents\Visual Studio 2013\Projects\Revelatorframework\Release\RevelatorFramework_API.lib"
            Creating library D:\Users\tom\Documents\Visual Studio 2013\Projects\Revelatorframework\Release\Revelatorframework.lib and object D:\Users\tom\Documents\Visual Studio 2013\Projects\Revelatorframework\Release\Revelatorframework.exp
         Generating code
         Finished generating code
         Revelatorframework.vcxproj -> D:\Users\tom\Documents\Visual Studio 2013\Projects\Revelatorframework\Release\Revelatorframework.exe
     1>Done Building Project "D:\Users\tom\Documents\Visual Studio 2013\Projects\Revelatorframework\Revelatorframework\Revelatorframework.vcxproj" (Build target(s)).

Build succeeded.

Time Elapsed 00:00:02.32
