d:\users\tom\documents\visual studio 2013\projects\revelatorframework\revelatorframework\release\vc120.pdb
d:\users\tom\documents\visual studio 2013\projects\revelatorframework\revelatorframework\release\windowmanager.obj
d:\users\tom\documents\visual studio 2013\projects\revelatorframework\revelatorframework\release\utils.obj
d:\users\tom\documents\visual studio 2013\projects\revelatorframework\revelatorframework\release\spawner.obj
d:\users\tom\documents\visual studio 2013\projects\revelatorframework\revelatorframework\release\sensor.obj
d:\users\tom\documents\visual studio 2013\projects\revelatorframework\revelatorframework\release\screentransaction.obj
d:\users\tom\documents\visual studio 2013\projects\revelatorframework\revelatorframework\release\screenmanager.obj
d:\users\tom\documents\visual studio 2013\projects\revelatorframework\revelatorframework\release\rectangle.obj
d:\users\tom\documents\visual studio 2013\projects\revelatorframework\revelatorframework\release\movablecomponent.obj
d:\users\tom\documents\visual studio 2013\projects\revelatorframework\revelatorframework\release\main.obj
d:\users\tom\documents\visual studio 2013\projects\revelatorframework\revelatorframework\release\layer.obj
d:\users\tom\documents\visual studio 2013\projects\revelatorframework\revelatorframework\release\gamescreen.obj
d:\users\tom\documents\visual studio 2013\projects\revelatorframework\revelatorframework\release\gamefactory.obj
d:\users\tom\documents\visual studio 2013\projects\revelatorframework\revelatorframework\release\gamecomponent.obj
d:\users\tom\documents\visual studio 2013\projects\revelatorframework\revelatorframework\release\examplecomponent.obj
d:\users\tom\documents\visual studio 2013\projects\revelatorframework\revelatorframework\release\drawable.obj
d:\users\tom\documents\visual studio 2013\projects\revelatorframework\revelatorframework\release\collidable.obj
d:\users\tom\documents\visual studio 2013\projects\revelatorframework\revelatorframework\release\chunkmanager.obj
d:\users\tom\documents\visual studio 2013\projects\revelatorframework\revelatorframework\release\chunk.obj
d:\users\tom\documents\visual studio 2013\projects\revelatorframework\revelatorframework\release\updatedata.obj
d:\users\tom\documents\visual studio 2013\projects\revelatorframework\release\revelatorframework.exe
d:\users\tom\documents\visual studio 2013\projects\revelatorframework\release\revelatorframework.pdb
d:\users\tom\documents\visual studio 2013\projects\revelatorframework\revelatorframework\release\revelato.ec13fa65.tlog\cl.command.1.tlog
d:\users\tom\documents\visual studio 2013\projects\revelatorframework\revelatorframework\release\revelato.ec13fa65.tlog\cl.read.1.tlog
d:\users\tom\documents\visual studio 2013\projects\revelatorframework\revelatorframework\release\revelato.ec13fa65.tlog\cl.write.1.tlog
d:\users\tom\documents\visual studio 2013\projects\revelatorframework\revelatorframework\release\revelato.ec13fa65.tlog\link.command.1.tlog
d:\users\tom\documents\visual studio 2013\projects\revelatorframework\revelatorframework\release\revelato.ec13fa65.tlog\link.read.1.tlog
d:\users\tom\documents\visual studio 2013\projects\revelatorframework\revelatorframework\release\revelato.ec13fa65.tlog\link.write.1.tlog
