d:\users\tom\documents\visual studio 2013\projects\revelatorframework\revelatorframework_api\debug\revelatorframework_api.pch
d:\users\tom\documents\visual studio 2013\projects\revelatorframework\revelatorframework_api\debug\vc120.pdb
d:\users\tom\documents\visual studio 2013\projects\revelatorframework\revelatorframework_api\debug\vc120.idb
d:\users\tom\documents\visual studio 2013\projects\revelatorframework\revelatorframework_api\debug\stdafx.obj
d:\users\tom\documents\visual studio 2013\projects\revelatorframework\revelatorframework_api\debug\collidable.obj
d:\users\tom\documents\visual studio 2013\projects\revelatorframework\revelatorframework_api\debug\drawable.obj
d:\users\tom\documents\visual studio 2013\projects\revelatorframework\revelatorframework_api\debug\gamecomponent.obj
d:\users\tom\documents\visual studio 2013\projects\revelatorframework\revelatorframework_api\debug\gamefactory.obj
d:\users\tom\documents\visual studio 2013\projects\revelatorframework\revelatorframework_api\debug\gameobjectproducer.obj
d:\users\tom\documents\visual studio 2013\projects\revelatorframework\revelatorframework_api\debug\gamescreen.obj
d:\users\tom\documents\visual studio 2013\projects\revelatorframework\revelatorframework_api\debug\gamescreenproducer.obj
d:\users\tom\documents\visual studio 2013\projects\revelatorframework\revelatorframework_api\debug\keyboard.obj
d:\users\tom\documents\visual studio 2013\projects\revelatorframework\revelatorframework_api\debug\layer.obj
d:\users\tom\documents\visual studio 2013\projects\revelatorframework\revelatorframework_api\debug\layerproducer.obj
d:\users\tom\documents\visual studio 2013\projects\revelatorframework\revelatorframework_api\debug\mouse.obj
d:\users\tom\documents\visual studio 2013\projects\revelatorframework\revelatorframework_api\debug\producerpackage.obj
d:\users\tom\documents\visual studio 2013\projects\revelatorframework\revelatorframework_api\debug\screenmanager.obj
d:\users\tom\documents\visual studio 2013\projects\revelatorframework\revelatorframework_api\debug\sensor.obj
d:\users\tom\documents\visual studio 2013\projects\revelatorframework\revelatorframework_api\debug\sfx.obj
d:\users\tom\documents\visual studio 2013\projects\revelatorframework\revelatorframework_api\debug\spawner.obj
d:\users\tom\documents\visual studio 2013\projects\revelatorframework\revelatorframework_api\debug\texturemanager.obj
d:\users\tom\documents\visual studio 2013\projects\revelatorframework\revelatorframework_api\debug\updatedata.obj
d:\users\tom\documents\visual studio 2013\projects\revelatorframework\revelatorframework_api\debug\utils.obj
d:\users\tom\documents\visual studio 2013\projects\revelatorframework\revelatorframework_api\debug\windowmanager.obj
d:\users\tom\documents\visual studio 2013\projects\revelatorframework\revelatorframework_api\debug\audiomanager.obj
d:\users\tom\documents\visual studio 2013\projects\revelatorframework\revelatorframework_api\debug\chunk.obj
d:\users\tom\documents\visual studio 2013\projects\revelatorframework\revelatorframework_api\debug\chunkmanager.obj
d:\users\tom\documents\visual studio 2013\projects\revelatorframework\revelatorframework_api\debug\dllmain.obj
d:\users\tom\documents\visual studio 2013\projects\revelatorframework\debug\revelatorframework_api.ilk
d:\users\tom\documents\visual studio 2013\projects\revelatorframework\debug\revelatorframework_api.dll
d:\users\tom\documents\visual studio 2013\projects\revelatorframework\debug\revelatorframework_api.pdb
d:\users\tom\documents\visual studio 2013\projects\revelatorframework\revelatorframework_api\debug\revelatorframework_api.res
d:\users\tom\documents\visual studio 2013\projects\revelatorframework\debug\revelatorframework_api.lib
d:\users\tom\documents\visual studio 2013\projects\revelatorframework\debug\revelatorframework_api.exp
d:\users\tom\documents\visual studio 2013\projects\revelatorframework\revelatorframework_api\debug\revelato.9d07c519.tlog\cl.command.1.tlog
d:\users\tom\documents\visual studio 2013\projects\revelatorframework\revelatorframework_api\debug\revelato.9d07c519.tlog\cl.read.1.tlog
d:\users\tom\documents\visual studio 2013\projects\revelatorframework\revelatorframework_api\debug\revelato.9d07c519.tlog\cl.write.1.tlog
d:\users\tom\documents\visual studio 2013\projects\revelatorframework\revelatorframework_api\debug\revelato.9d07c519.tlog\link.command.1.tlog
d:\users\tom\documents\visual studio 2013\projects\revelatorframework\revelatorframework_api\debug\revelato.9d07c519.tlog\link.read.1.tlog
d:\users\tom\documents\visual studio 2013\projects\revelatorframework\revelatorframework_api\debug\revelato.9d07c519.tlog\link.write.1.tlog
d:\users\tom\documents\visual studio 2013\projects\revelatorframework\revelatorframework_api\debug\revelato.9d07c519.tlog\rc.command.1.tlog
d:\users\tom\documents\visual studio 2013\projects\revelatorframework\revelatorframework_api\debug\revelato.9d07c519.tlog\rc.read.1.tlog
d:\users\tom\documents\visual studio 2013\projects\revelatorframework\revelatorframework_api\debug\revelato.9d07c519.tlog\rc.write.1.tlog
d:\users\tom\documents\visual studio 2013\projects\revelatorframework\revelatorframework_api\debug\revelato.9d07c519.tlog\revelatorframework_api.write.1u.tlog
